<?xml version="1.0" encoding="UTF-8"?>
<testng-results ignored="0" total="20" passed="20" failed="0" skipped="0">
  <reporter-output>
  </reporter-output>
  <suite started-at="2024-02-23T03:21:54 GMT" name="flight-reservation" finished-at="2024-02-23T03:22:34 GMT" duration-ms="40183">
    <groups>
    </groups>
    <test started-at="2024-02-23T03:21:54 GMT" name="passengers-count-4" finished-at="2024-02-23T03:22:32 GMT" duration-ms="37978">
      <class name="com.pvaddoc.tests.flightreservation.FlightReservationTest">
        <test-method is-config="true" signature="setupConfig()[pri:0, instance:com.pvaddoc.tests.flightreservation.FlightReservationTest@6babf3bf]" started-at="2024-02-23T03:21:54 GMT" name="setupConfig" finished-at="2024-02-23T03:21:54 GMT" duration-ms="39" status="PASS">
          <reporter-output>
          </reporter-output>
        </test-method> <!-- setupConfig -->
        <test-method is-config="true" signature="setDriver(org.testng.ITestContext)[pri:0, instance:com.pvaddoc.tests.flightreservation.FlightReservationTest@6babf3bf]" started-at="2024-02-23T03:21:54 GMT" name="setDriver" finished-at="2024-02-23T03:22:06 GMT" duration-ms="12180" status="PASS">
          <params>
            <param index="0">
              <value>
                <![CDATA[org.testng.TestRunner@1ffaf86]]>
              </value>
            </param>
          </params>
          <reporter-output>
          </reporter-output>
        </test-method> <!-- setDriver -->
        <test-method is-config="true" signature="setParameters(java.lang.String)[pri:0, instance:com.pvaddoc.tests.flightreservation.FlightReservationTest@6babf3bf]" started-at="2024-02-23T03:22:06 GMT" name="setParameters" finished-at="2024-02-23T03:22:07 GMT" depends-on-methods="com.pvaddoc.tests.BaseTest.setDriver" duration-ms="592" status="PASS">
          <params>
            <param index="0">
              <value>
                <![CDATA[test-data/flight-reservation/passenger-4.json]]>
              </value>
            </param>
          </params>
          <reporter-output>
          </reporter-output>
        </test-method> <!-- setParameters -->
        <test-method signature="userRegistrationTest()[pri:0, instance:com.pvaddoc.tests.flightreservation.FlightReservationTest@6babf3bf]" started-at="2024-02-23T03:22:07 GMT" name="userRegistrationTest" finished-at="2024-02-23T03:22:15 GMT" duration-ms="7898" status="PASS">
          <reporter-output>
          </reporter-output>
        </test-method> <!-- userRegistrationTest -->
        <test-method signature="registrationConfirmationTest()[pri:0, instance:com.pvaddoc.tests.flightreservation.FlightReservationTest@6babf3bf]" started-at="2024-02-23T03:22:15 GMT" name="registrationConfirmationTest" finished-at="2024-02-23T03:22:19 GMT" depends-on-methods="com.pvaddoc.tests.flightreservation.FlightReservationTest.userRegistrationTest" duration-ms="4248" status="PASS">
          <reporter-output>
          </reporter-output>
        </test-method> <!-- registrationConfirmationTest -->
        <test-method signature="flightsSearchTest()[pri:0, instance:com.pvaddoc.tests.flightreservation.FlightReservationTest@6babf3bf]" started-at="2024-02-23T03:22:19 GMT" name="flightsSearchTest" finished-at="2024-02-23T03:22:23 GMT" depends-on-methods="com.pvaddoc.tests.flightreservation.FlightReservationTest.registrationConfirmationTest" duration-ms="3872" status="PASS">
          <reporter-output>
          </reporter-output>
        </test-method> <!-- flightsSearchTest -->
        <test-method signature="flightSelectionTest()[pri:0, instance:com.pvaddoc.tests.flightreservation.FlightReservationTest@6babf3bf]" started-at="2024-02-23T03:22:23 GMT" name="flightSelectionTest" finished-at="2024-02-23T03:22:25 GMT" depends-on-methods="com.pvaddoc.tests.flightreservation.FlightReservationTest.flightsSearchTest" duration-ms="1867" status="PASS">
          <reporter-output>
          </reporter-output>
        </test-method> <!-- flightSelectionTest -->
        <test-method signature="flightReservationConfirmationTest()[pri:0, instance:com.pvaddoc.tests.flightreservation.FlightReservationTest@6babf3bf]" started-at="2024-02-23T03:22:25 GMT" name="flightReservationConfirmationTest" finished-at="2024-02-23T03:22:30 GMT" depends-on-methods="com.pvaddoc.tests.flightreservation.FlightReservationTest.flightSelectionTest" duration-ms="4677" status="PASS">
          <reporter-output>
          </reporter-output>
        </test-method> <!-- flightReservationConfirmationTest -->
        <test-method is-config="true" signature="quitDriver()[pri:0, instance:com.pvaddoc.tests.flightreservation.FlightReservationTest@6babf3bf]" started-at="2024-02-23T03:22:30 GMT" name="quitDriver" finished-at="2024-02-23T03:22:32 GMT" duration-ms="2565" status="PASS">
          <reporter-output>
          </reporter-output>
        </test-method> <!-- quitDriver -->
      </class> <!-- com.pvaddoc.tests.flightreservation.FlightReservationTest -->
    </test> <!-- passengers-count-4 -->
    <test started-at="2024-02-23T03:21:54 GMT" name="passengers-count-1" finished-at="2024-02-23T03:22:34 GMT" duration-ms="39390">
      <class name="com.pvaddoc.tests.flightreservation.FlightReservationTest">
        <test-method is-config="true" signature="setDriver(org.testng.ITestContext)[pri:0, instance:com.pvaddoc.tests.flightreservation.FlightReservationTest@62230c58]" started-at="2024-02-23T03:21:54 GMT" name="setDriver" finished-at="2024-02-23T03:22:06 GMT" duration-ms="12180" status="PASS">
          <params>
            <param index="0">
              <value>
                <![CDATA[org.testng.TestRunner@45099dd3]]>
              </value>
            </param>
          </params>
          <reporter-output>
          </reporter-output>
        </test-method> <!-- setDriver -->
        <test-method is-config="true" signature="setParameters(java.lang.String)[pri:0, instance:com.pvaddoc.tests.flightreservation.FlightReservationTest@62230c58]" started-at="2024-02-23T03:22:06 GMT" name="setParameters" finished-at="2024-02-23T03:22:07 GMT" depends-on-methods="com.pvaddoc.tests.BaseTest.setDriver" duration-ms="592" status="PASS">
          <params>
            <param index="0">
              <value>
                <![CDATA[test-data/flight-reservation/passenger-1.json]]>
              </value>
            </param>
          </params>
          <reporter-output>
          </reporter-output>
        </test-method> <!-- setParameters -->
        <test-method signature="userRegistrationTest()[pri:0, instance:com.pvaddoc.tests.flightreservation.FlightReservationTest@62230c58]" started-at="2024-02-23T03:22:07 GMT" name="userRegistrationTest" finished-at="2024-02-23T03:22:15 GMT" duration-ms="8138" status="PASS">
          <reporter-output>
          </reporter-output>
        </test-method> <!-- userRegistrationTest -->
        <test-method signature="registrationConfirmationTest()[pri:0, instance:com.pvaddoc.tests.flightreservation.FlightReservationTest@62230c58]" started-at="2024-02-23T03:22:15 GMT" name="registrationConfirmationTest" finished-at="2024-02-23T03:22:19 GMT" depends-on-methods="com.pvaddoc.tests.flightreservation.FlightReservationTest.userRegistrationTest" duration-ms="4037" status="PASS">
          <reporter-output>
          </reporter-output>
        </test-method> <!-- registrationConfirmationTest -->
        <test-method signature="flightsSearchTest()[pri:0, instance:com.pvaddoc.tests.flightreservation.FlightReservationTest@62230c58]" started-at="2024-02-23T03:22:19 GMT" name="flightsSearchTest" finished-at="2024-02-23T03:22:24 GMT" depends-on-methods="com.pvaddoc.tests.flightreservation.FlightReservationTest.registrationConfirmationTest" duration-ms="4258" status="PASS">
          <reporter-output>
          </reporter-output>
        </test-method> <!-- flightsSearchTest -->
        <test-method signature="flightSelectionTest()[pri:0, instance:com.pvaddoc.tests.flightreservation.FlightReservationTest@62230c58]" started-at="2024-02-23T03:22:24 GMT" name="flightSelectionTest" finished-at="2024-02-23T03:22:30 GMT" depends-on-methods="com.pvaddoc.tests.flightreservation.FlightReservationTest.flightsSearchTest" duration-ms="6743" status="PASS">
          <reporter-output>
          </reporter-output>
        </test-method> <!-- flightSelectionTest -->
        <test-method signature="flightReservationConfirmationTest()[pri:0, instance:com.pvaddoc.tests.flightreservation.FlightReservationTest@62230c58]" started-at="2024-02-23T03:22:30 GMT" name="flightReservationConfirmationTest" finished-at="2024-02-23T03:22:33 GMT" depends-on-methods="com.pvaddoc.tests.flightreservation.FlightReservationTest.flightSelectionTest" duration-ms="2750" status="PASS">
          <reporter-output>
          </reporter-output>
        </test-method> <!-- flightReservationConfirmationTest -->
        <test-method is-config="true" signature="quitDriver()[pri:0, instance:com.pvaddoc.tests.flightreservation.FlightReservationTest@62230c58]" started-at="2024-02-23T03:22:33 GMT" name="quitDriver" finished-at="2024-02-23T03:22:34 GMT" duration-ms="604" status="PASS">
          <reporter-output>
          </reporter-output>
        </test-method> <!-- quitDriver -->
      </class> <!-- com.pvaddoc.tests.flightreservation.FlightReservationTest -->
    </test> <!-- passengers-count-1 -->
    <test started-at="2024-02-23T03:21:54 GMT" name="passengers-count-3" finished-at="2024-02-23T03:22:34 GMT" duration-ms="39817">
      <class name="com.pvaddoc.tests.flightreservation.FlightReservationTest">
        <test-method is-config="true" signature="setDriver(org.testng.ITestContext)[pri:0, instance:com.pvaddoc.tests.flightreservation.FlightReservationTest@4de4b452]" started-at="2024-02-23T03:21:54 GMT" name="setDriver" finished-at="2024-02-23T03:22:06 GMT" duration-ms="12179" status="PASS">
          <params>
            <param index="0">
              <value>
                <![CDATA[org.testng.TestRunner@6574a52c]]>
              </value>
            </param>
          </params>
          <reporter-output>
          </reporter-output>
        </test-method> <!-- setDriver -->
        <test-method is-config="true" signature="setParameters(java.lang.String)[pri:0, instance:com.pvaddoc.tests.flightreservation.FlightReservationTest@4de4b452]" started-at="2024-02-23T03:22:06 GMT" name="setParameters" finished-at="2024-02-23T03:22:07 GMT" depends-on-methods="com.pvaddoc.tests.BaseTest.setDriver" duration-ms="592" status="PASS">
          <params>
            <param index="0">
              <value>
                <![CDATA[test-data/flight-reservation/passenger-3.json]]>
              </value>
            </param>
          </params>
          <reporter-output>
          </reporter-output>
        </test-method> <!-- setParameters -->
        <test-method signature="userRegistrationTest()[pri:0, instance:com.pvaddoc.tests.flightreservation.FlightReservationTest@4de4b452]" started-at="2024-02-23T03:22:07 GMT" name="userRegistrationTest" finished-at="2024-02-23T03:22:15 GMT" duration-ms="7997" status="PASS">
          <reporter-output>
          </reporter-output>
        </test-method> <!-- userRegistrationTest -->
        <test-method signature="registrationConfirmationTest()[pri:0, instance:com.pvaddoc.tests.flightreservation.FlightReservationTest@4de4b452]" started-at="2024-02-23T03:22:15 GMT" name="registrationConfirmationTest" finished-at="2024-02-23T03:22:19 GMT" depends-on-methods="com.pvaddoc.tests.flightreservation.FlightReservationTest.userRegistrationTest" duration-ms="4060" status="PASS">
          <reporter-output>
          </reporter-output>
        </test-method> <!-- registrationConfirmationTest -->
        <test-method signature="flightsSearchTest()[pri:0, instance:com.pvaddoc.tests.flightreservation.FlightReservationTest@4de4b452]" started-at="2024-02-23T03:22:19 GMT" name="flightsSearchTest" finished-at="2024-02-23T03:22:23 GMT" depends-on-methods="com.pvaddoc.tests.flightreservation.FlightReservationTest.registrationConfirmationTest" duration-ms="3959" status="PASS">
          <reporter-output>
          </reporter-output>
        </test-method> <!-- flightsSearchTest -->
        <test-method signature="flightSelectionTest()[pri:0, instance:com.pvaddoc.tests.flightreservation.FlightReservationTest@4de4b452]" started-at="2024-02-23T03:22:23 GMT" name="flightSelectionTest" finished-at="2024-02-23T03:22:29 GMT" depends-on-methods="com.pvaddoc.tests.flightreservation.FlightReservationTest.flightsSearchTest" duration-ms="5515" status="PASS">
          <reporter-output>
          </reporter-output>
        </test-method> <!-- flightSelectionTest -->
        <test-method signature="flightReservationConfirmationTest()[pri:0, instance:com.pvaddoc.tests.flightreservation.FlightReservationTest@4de4b452]" started-at="2024-02-23T03:22:29 GMT" name="flightReservationConfirmationTest" finished-at="2024-02-23T03:22:34 GMT" depends-on-methods="com.pvaddoc.tests.flightreservation.FlightReservationTest.flightSelectionTest" duration-ms="4857" status="PASS">
          <reporter-output>
          </reporter-output>
        </test-method> <!-- flightReservationConfirmationTest -->
        <test-method is-config="true" signature="quitDriver()[pri:0, instance:com.pvaddoc.tests.flightreservation.FlightReservationTest@4de4b452]" started-at="2024-02-23T03:22:34 GMT" name="quitDriver" finished-at="2024-02-23T03:22:34 GMT" duration-ms="571" status="PASS">
          <reporter-output>
          </reporter-output>
        </test-method> <!-- quitDriver -->
      </class> <!-- com.pvaddoc.tests.flightreservation.FlightReservationTest -->
    </test> <!-- passengers-count-3 -->
    <test started-at="2024-02-23T03:21:54 GMT" name="passengers-count-2" finished-at="2024-02-23T03:22:34 GMT" duration-ms="40179">
      <class name="com.pvaddoc.tests.flightreservation.FlightReservationTest">
        <test-method is-config="true" signature="setDriver(org.testng.ITestContext)[pri:0, instance:com.pvaddoc.tests.flightreservation.FlightReservationTest@15aab8c6]" started-at="2024-02-23T03:21:54 GMT" name="setDriver" finished-at="2024-02-23T03:22:06 GMT" duration-ms="12180" status="PASS">
          <params>
            <param index="0">
              <value>
                <![CDATA[org.testng.TestRunner@13e344d]]>
              </value>
            </param>
          </params>
          <reporter-output>
          </reporter-output>
        </test-method> <!-- setDriver -->
        <test-method is-config="true" signature="setParameters(java.lang.String)[pri:0, instance:com.pvaddoc.tests.flightreservation.FlightReservationTest@15aab8c6]" started-at="2024-02-23T03:22:06 GMT" name="setParameters" finished-at="2024-02-23T03:22:07 GMT" depends-on-methods="com.pvaddoc.tests.BaseTest.setDriver" duration-ms="592" status="PASS">
          <params>
            <param index="0">
              <value>
                <![CDATA[test-data/flight-reservation/passenger-2.json]]>
              </value>
            </param>
          </params>
          <reporter-output>
          </reporter-output>
        </test-method> <!-- setParameters -->
        <test-method signature="userRegistrationTest()[pri:0, instance:com.pvaddoc.tests.flightreservation.FlightReservationTest@15aab8c6]" started-at="2024-02-23T03:22:07 GMT" name="userRegistrationTest" finished-at="2024-02-23T03:22:15 GMT" duration-ms="7971" status="PASS">
          <reporter-output>
          </reporter-output>
        </test-method> <!-- userRegistrationTest -->
        <test-method signature="registrationConfirmationTest()[pri:0, instance:com.pvaddoc.tests.flightreservation.FlightReservationTest@15aab8c6]" started-at="2024-02-23T03:22:15 GMT" name="registrationConfirmationTest" finished-at="2024-02-23T03:22:19 GMT" depends-on-methods="com.pvaddoc.tests.flightreservation.FlightReservationTest.userRegistrationTest" duration-ms="3680" status="PASS">
          <reporter-output>
          </reporter-output>
        </test-method> <!-- registrationConfirmationTest -->
        <test-method signature="flightsSearchTest()[pri:0, instance:com.pvaddoc.tests.flightreservation.FlightReservationTest@15aab8c6]" started-at="2024-02-23T03:22:19 GMT" name="flightsSearchTest" finished-at="2024-02-23T03:22:23 GMT" depends-on-methods="com.pvaddoc.tests.flightreservation.FlightReservationTest.registrationConfirmationTest" duration-ms="4664" status="PASS">
          <reporter-output>
          </reporter-output>
        </test-method> <!-- flightsSearchTest -->
        <test-method signature="flightSelectionTest()[pri:0, instance:com.pvaddoc.tests.flightreservation.FlightReservationTest@15aab8c6]" started-at="2024-02-23T03:22:23 GMT" name="flightSelectionTest" finished-at="2024-02-23T03:22:31 GMT" depends-on-methods="com.pvaddoc.tests.flightreservation.FlightReservationTest.flightsSearchTest" duration-ms="7164" status="PASS">
          <reporter-output>
          </reporter-output>
        </test-method> <!-- flightSelectionTest -->
        <test-method signature="flightReservationConfirmationTest()[pri:0, instance:com.pvaddoc.tests.flightreservation.FlightReservationTest@15aab8c6]" started-at="2024-02-23T03:22:31 GMT" name="flightReservationConfirmationTest" finished-at="2024-02-23T03:22:34 GMT" depends-on-methods="com.pvaddoc.tests.flightreservation.FlightReservationTest.flightSelectionTest" duration-ms="3530" status="PASS">
          <reporter-output>
          </reporter-output>
        </test-method> <!-- flightReservationConfirmationTest -->
        <test-method is-config="true" signature="quitDriver()[pri:0, instance:com.pvaddoc.tests.flightreservation.FlightReservationTest@15aab8c6]" started-at="2024-02-23T03:22:34 GMT" name="quitDriver" finished-at="2024-02-23T03:22:34 GMT" duration-ms="314" status="PASS">
          <reporter-output>
          </reporter-output>
        </test-method> <!-- quitDriver -->
      </class> <!-- com.pvaddoc.tests.flightreservation.FlightReservationTest -->
    </test> <!-- passengers-count-2 -->
  </suite> <!-- flight-reservation -->
</testng-results>
